{"D:\\LIDATONG\\WORKPLACE-TEST\\react\\react-jest\\src\\Example.js": {"path":"D:\\LIDATONG\\WORKPLACE-TEST\\react\\react-jest\\src\\Example.js","statementMap":{"0":{"start":{"line":5,"column":4},"end":{"line":8,"column":11}}},"fnMap":{"0":{"name":"Example","decl":{"start":{"line":4,"column":9},"end":{"line":4,"column":16}},"loc":{"start":{"line":4,"column":23},"end":{"line":9,"column":1}},"line":4}},"branchMap":{},"s":{"0":2},"f":{"0":2},"b":{},"_coverageSchema":"43e27e138ebf9cfc5966b082cf9a028302ed4184","hash":"23148dd5e1572a9e1e227896e1c48961f78206f4"}
,"D:\\LIDATONG\\WORKPLACE-TEST\\react\\react-jest\\src\\SubExample.js": {"path":"D:\\LIDATONG\\WORKPLACE-TEST\\react\\react-jest\\src\\SubExample.js","statementMap":{"0":{"start":{"line":4,"column":4},"end":{"line":4,"column":38}}},"fnMap":{"0":{"name":"SubExample","decl":{"start":{"line":3,"column":9},"end":{"line":3,"column":19}},"loc":{"start":{"line":3,"column":26},"end":{"line":5,"column":1}},"line":3}},"branchMap":{},"s":{"0":1},"f":{"0":1},"b":{},"_coverageSchema":"43e27e138ebf9cfc5966b082cf9a028302ed4184","hash":"995f6b9e73cca42be342a7451f54373e8a3846a7"}
}
